<?xml version="1.0" encoding="UTF-8"?>
<!-- Generated by org.testng.reporters.JUnitReportReporter -->
<testsuite hostname="asda0019" name="com.qait.automation.TestAdvanceTATOC.AdvanceTatocTest" tests="3" failures="0" timestamp="4 Jul 2018 06:44:42 GMT" time="1.809" errors="0">
  <testcase name="testHomePageAppears" time="1.392" classname="com.qait.automation.TestAdvanceTATOC.AdvanceTatocTest"/>
  <testcase name="checkHoverActionPerforms" time="0.260" classname="com.qait.automation.TestAdvanceTATOC.AdvanceTatocTest"/>
  <testcase name="verifyAdvanceCourseOpens" time="0.157" classname="com.qait.automation.TestAdvanceTATOC.AdvanceTatocTest"/>
</testsuite> <!-- com.qait.automation.TestAdvanceTATOC.AdvanceTatocTest -->
